<?xml version="1.0" encoding="UTF-8"?>
<!-- Generated by org.testng.reporters.JUnitXMLReporter -->
<testsuite ignored="0" hostname="LAPTOP-6OACLVLF" failures="5" tests="5" name="Test" time="25.275" errors="0" timestamp="2022-01-05T21:57:09 IST">
  <testcase classname="io.cucumber.testng.AbstractTestNGCucumberTests" name="runScenario" time="5.382">
    <failure type="java.lang.ExceptionInInitializerError">
      <![CDATA[java.lang.ExceptionInInitializerError
at java.base/java.lang.Class.newInstance(Class.java:604)
at org.openqa.selenium.support.PageFactory.instantiatePage(PageFactory.java:131)
at org.openqa.selenium.support.PageFactory.initElements(PageFactory.java:64)
at CucumberTestCases.Amazon_Search_Definition_Class.user_insert_search_for_products(Amazon_Search_Definition_Class.java:33)
at ✽.user insert "Samsung phones" for products(file:///E:/SeleniumFrame_Works/Cucumber_Amazon/Cucumber_TestProject/Features/search.feature:9)
Caused by: java.lang.NullPointerException: Cannot invoke "org.openqa.selenium.WebElement.getText()" because "AppElements.Search_Elements.productName" is null
at AppElements.Search_Elements.<clinit>(Search_Elements.java:13)
at java.base/java.lang.Class.newInstance(Class.java:604)
at org.openqa.selenium.support.PageFactory.instantiatePage(PageFactory.java:131)
at org.openqa.selenium.support.PageFactory.initElements(PageFactory.java:64)
at CucumberTestCases.Amazon_Search_Definition_Class.user_insert_search_for_products(Amazon_Search_Definition_Class.java:33)
at io.cucumber.java.Invoker.doInvoke(Invoker.java:66)
at io.cucumber.java.Invoker.invoke(Invoker.java:24)
at io.cucumber.java.AbstractGlueDefinition.invokeMethod(AbstractGlueDefinition.java:47)
at io.cucumber.java.JavaStepDefinition.execute(JavaStepDefinition.java:29)
at io.cucumber.core.runner.CoreStepDefinition.execute(CoreStepDefinition.java:66)
at io.cucumber.core.runner.PickleStepDefinitionMatch.runStep(PickleStepDefinitionMatch.java:63)
at io.cucumber.core.runner.ExecutionMode$1.execute(ExecutionMode.java:10)
at io.cucumber.core.runner.TestStep.executeStep(TestStep.java:92)
at io.cucumber.core.runner.TestStep.run(TestStep.java:64)
at io.cucumber.core.runner.PickleStepTestStep.run(PickleStepTestStep.java:51)
at io.cucumber.core.runner.TestCase.run(TestCase.java:104)
at io.cucumber.core.runner.Runner.runPickle(Runner.java:73)
at io.cucumber.testng.TestNGCucumberRunner.lambda$runScenario$1(TestNGCucumberRunner.java:134)
at io.cucumber.core.runtime.CucumberExecutionContext.runTestCase(CucumberExecutionContext.java:117)
at io.cucumber.testng.TestNGCucumberRunner.runScenario(TestNGCucumberRunner.java:131)
at io.cucumber.testng.AbstractTestNGCucumberTests.runScenario(AbstractTestNGCucumberTests.java:31)
at java.base/java.util.ArrayList.forEach(ArrayList.java:1511)
... Removed 43 stack frames]]>
    </failure>
  </testcase> <!-- runScenario -->
  <testcase classname="io.cucumber.testng.AbstractTestNGCucumberTests" name="runScenario" time="5.16">
    <failure type="java.lang.NoClassDefFoundError" message="Could not initialize class AppElements.Search_Elements">
      <![CDATA[java.lang.NoClassDefFoundError: Could not initialize class AppElements.Search_Elements
at java.base/java.lang.Class.newInstance(Class.java:604)
at org.openqa.selenium.support.PageFactory.instantiatePage(PageFactory.java:131)
at org.openqa.selenium.support.PageFactory.initElements(PageFactory.java:64)
at CucumberTestCases.Amazon_Search_Definition_Class.user_insert_search_for_products(Amazon_Search_Definition_Class.java:33)
at ✽.user insert "Apple phones" for products(file:///E:/SeleniumFrame_Works/Cucumber_Amazon/Cucumber_TestProject/Features/search.feature:9)
... Removed 6 stack frames]]>
    </failure>
  </testcase> <!-- runScenario -->
  <testcase classname="io.cucumber.testng.AbstractTestNGCucumberTests" name="runScenario" time="3.313">
    <failure type="java.lang.NoClassDefFoundError" message="Could not initialize class AppElements.Search_Elements">
      <![CDATA[java.lang.NoClassDefFoundError: Could not initialize class AppElements.Search_Elements
at java.base/java.lang.Class.newInstance(Class.java:604)
at org.openqa.selenium.support.PageFactory.instantiatePage(PageFactory.java:131)
at org.openqa.selenium.support.PageFactory.initElements(PageFactory.java:64)
at CucumberTestCases.Amazon_Search_Definition_Class.user_insert_search_for_products(Amazon_Search_Definition_Class.java:33)
at ✽.user insert "lenovo Computers" for products(file:///E:/SeleniumFrame_Works/Cucumber_Amazon/Cucumber_TestProject/Features/search.feature:9)
... Removed 6 stack frames]]>
    </failure>
  </testcase> <!-- runScenario -->
  <testcase classname="io.cucumber.testng.AbstractTestNGCucumberTests" name="runScenario" time="7.665">
    <failure type="java.lang.NoClassDefFoundError" message="Could not initialize class AppElements.Search_Elements">
      <![CDATA[java.lang.NoClassDefFoundError: Could not initialize class AppElements.Search_Elements
at java.base/java.lang.Class.newInstance(Class.java:604)
at org.openqa.selenium.support.PageFactory.instantiatePage(PageFactory.java:131)
at org.openqa.selenium.support.PageFactory.initElements(PageFactory.java:64)
at CucumberTestCases.Amazon_Search_Definition_Class.user_insert_search_for_products(Amazon_Search_Definition_Class.java:33)
at ✽.user insert "HP Computers" for products(file:///E:/SeleniumFrame_Works/Cucumber_Amazon/Cucumber_TestProject/Features/search.feature:9)
... Removed 6 stack frames]]>
    </failure>
  </testcase> <!-- runScenario -->
  <testcase classname="io.cucumber.testng.AbstractTestNGCucumberTests" name="runScenario" time="3.428">
    <failure type="java.lang.NoClassDefFoundError" message="Could not initialize class AppElements.Search_Elements">
      <![CDATA[java.lang.NoClassDefFoundError: Could not initialize class AppElements.Search_Elements
at java.base/java.lang.Class.newInstance(Class.java:604)
at org.openqa.selenium.support.PageFactory.instantiatePage(PageFactory.java:131)
at org.openqa.selenium.support.PageFactory.initElements(PageFactory.java:64)
at CucumberTestCases.Amazon_Search_Definition_Class.user_insert_search_for_products(Amazon_Search_Definition_Class.java:33)
at ✽.user insert "Mac computers" for products(file:///E:/SeleniumFrame_Works/Cucumber_Amazon/Cucumber_TestProject/Features/search.feature:9)
... Removed 6 stack frames]]>
    </failure>
  </testcase> <!-- runScenario -->
</testsuite> <!-- Test -->
